<?xml version="1.0" encoding="UTF-8"?>
<!-- Generated by org.testng.reporters.JUnitXMLReporter -->
<testsuite hostname="Pradeeppandey" name="shiiiiiiiiiiiiiiii" tests="4" failures="0" timestamp="12 Jun 2015 05:12:03 GMT" time="0.005" errors="0">
  <testcase name="testCaseLoginTest" time="0.001" classname="testcases.SampleTest"/>
  <testcase name="testCaseA1" time="0.0" classname="testcases.SampleTest"/>
  <testcase name="testCaseRegister" time="0.0" classname="testcases.SampleTest"/>
  <testcase name="testCasePassword" time="0.0" classname="testcases.SampleTest"/>
</testsuite> <!-- shiiiiiiiiiiiiiiii -->
